[     282ms] [ERROR] Failed to load resource: the server responded with a status of 404 (Not Found) @ http://localhost:8766/api/indicators:0
[     282ms] [ERROR] Failed to load resource: the server responded with a status of 404 (Not Found) @ http://localhost:8766/api/news:0
[     283ms] [ERROR] Failed to load resource: the server responded with a status of 404 (Not Found) @ http://localhost:8766/api/military:0
[     284ms] [ERROR] Failed to load resource: the server responded with a status of 404 (Not Found) @ http://localhost:8766/api/correlation:0
[    7060ms] ReferenceError: PYEONG_TYPES is not defined
    at renderReImpact (http://localhost:8766/crisis-monitoring-dashboard.html:4825:56)
    at openSimulationPopup (http://localhost:8766/crisis-monitoring-dashboard.html:4353:13)
    at HTMLButtonElement.onclick (http://localhost:8766/crisis-monitoring-dashboard.html:1969:74)
[   30213ms] [ERROR] Failed to load resource: the server responded with a status of 404 (Not Found) @ http://localhost:8766/api/military:0
[   30293ms] [ERROR] Failed to load resource: the server responded with a status of 404 (Not Found) @ http://localhost:8766/api/news:0
[   60532ms] [ERROR] Failed to load resource: the server responded with a status of 404 (Not Found) @ http://localhost:8766/api/indicators:0
[   60534ms] [ERROR] Failed to load resource: the server responded with a status of 404 (Not Found) @ http://localhost:8766/api/military:0
[   60542ms] [ERROR] Failed to load resource: the server responded with a status of 404 (Not Found) @ http://localhost:8766/api/news:0
[   90218ms] [ERROR] Failed to load resource: the server responded with a status of 404 (Not Found) @ http://localhost:8766/api/military:0
[   90293ms] [ERROR] Failed to load resource: the server responded with a status of 404 (Not Found) @ http://localhost:8766/api/news:0
[  120215ms] [ERROR] Failed to load resource: the server responded with a status of 404 (Not Found) @ http://localhost:8766/api/indicators:0
[  120216ms] [ERROR] Failed to load resource: the server responded with a status of 404 (Not Found) @ http://localhost:8766/api/military:0
[  120293ms] [ERROR] Failed to load resource: the server responded with a status of 404 (Not Found) @ http://localhost:8766/api/news:0
[  150211ms] [ERROR] Failed to load resource: the server responded with a status of 404 (Not Found) @ http://localhost:8766/api/military:0
[  150288ms] [ERROR] Failed to load resource: the server responded with a status of 404 (Not Found) @ http://localhost:8766/api/news:0
[  180526ms] [ERROR] Failed to load resource: the server responded with a status of 404 (Not Found) @ http://localhost:8766/api/indicators:0
[  180527ms] [ERROR] Failed to load resource: the server responded with a status of 404 (Not Found) @ http://localhost:8766/api/news:0
[  180527ms] [ERROR] Failed to load resource: the server responded with a status of 404 (Not Found) @ http://localhost:8766/api/military:0
[  180528ms] [ERROR] Failed to load resource: the server responded with a status of 404 (Not Found) @ http://localhost:8766/api/news:0
[  210214ms] [ERROR] Failed to load resource: the server responded with a status of 404 (Not Found) @ http://localhost:8766/api/military:0
[  210291ms] [ERROR] Failed to load resource: the server responded with a status of 404 (Not Found) @ http://localhost:8766/api/news:0
[  240216ms] [ERROR] Failed to load resource: the server responded with a status of 404 (Not Found) @ http://localhost:8766/api/indicators:0
[  240217ms] [ERROR] Failed to load resource: the server responded with a status of 404 (Not Found) @ http://localhost:8766/api/military:0
[  240295ms] [ERROR] Failed to load resource: the server responded with a status of 404 (Not Found) @ http://localhost:8766/api/news:0
[  270215ms] [ERROR] Failed to load resource: the server responded with a status of 404 (Not Found) @ http://localhost:8766/api/military:0
[  270292ms] [ERROR] Failed to load resource: the server responded with a status of 404 (Not Found) @ http://localhost:8766/api/news:0
[  300533ms] [ERROR] Failed to load resource: the server responded with a status of 404 (Not Found) @ http://localhost:8766/api/indicators:0
[  300534ms] [ERROR] Failed to load resource: the server responded with a status of 404 (Not Found) @ http://localhost:8766/api/military:0
[  300534ms] [ERROR] Failed to load resource: the server responded with a status of 404 (Not Found) @ http://localhost:8766/api/news:0
