[     568ms] [ERROR] Failed to load resource: the server responded with a status of 404 (Not Found) @ http://localhost:8765/api/indicators:0
[     570ms] [ERROR] Failed to load resource: the server responded with a status of 404 (Not Found) @ http://localhost:8765/api/news:0
[     571ms] [ERROR] Failed to load resource: the server responded with a status of 404 (Not Found) @ http://localhost:8765/api/military:0
[     572ms] [ERROR] Failed to load resource: the server responded with a status of 404 (Not Found) @ http://localhost:8765/api/correlation:0
[   30510ms] [ERROR] Failed to load resource: the server responded with a status of 404 (Not Found) @ http://localhost:8765/api/military:0
[   30576ms] [ERROR] Failed to load resource: the server responded with a status of 404 (Not Found) @ http://localhost:8765/api/news:0
[   60820ms] [ERROR] Failed to load resource: the server responded with a status of 404 (Not Found) @ http://localhost:8765/api/indicators:0
[   60820ms] [ERROR] Failed to load resource: the server responded with a status of 404 (Not Found) @ http://localhost:8765/api/military:0
[   60822ms] [ERROR] Failed to load resource: the server responded with a status of 404 (Not Found) @ http://localhost:8765/api/news:0
[   90520ms] [ERROR] Failed to load resource: the server responded with a status of 404 (Not Found) @ http://localhost:8765/api/military:0
[   90590ms] [ERROR] Failed to load resource: the server responded with a status of 404 (Not Found) @ http://localhost:8765/api/news:0
[  120511ms] [ERROR] Failed to load resource: the server responded with a status of 404 (Not Found) @ http://localhost:8765/api/indicators:0
[  120514ms] [ERROR] Failed to load resource: the server responded with a status of 404 (Not Found) @ http://localhost:8765/api/military:0
[  120577ms] [ERROR] Failed to load resource: the server responded with a status of 404 (Not Found) @ http://localhost:8765/api/news:0
[  150526ms] [ERROR] Failed to load resource: the server responded with a status of 404 (Not Found) @ http://localhost:8765/api/military:0
[  150581ms] [ERROR] Failed to load resource: the server responded with a status of 404 (Not Found) @ http://localhost:8765/api/news:0
[  180839ms] [ERROR] Failed to load resource: the server responded with a status of 404 (Not Found) @ http://localhost:8765/api/indicators:0
[  180839ms] [ERROR] Failed to load resource: the server responded with a status of 404 (Not Found) @ http://localhost:8765/api/news:0
[  180840ms] [ERROR] Failed to load resource: the server responded with a status of 404 (Not Found) @ http://localhost:8765/api/military:0
[  180840ms] [ERROR] Failed to load resource: the server responded with a status of 404 (Not Found) @ http://localhost:8765/api/news:0
[  210515ms] [ERROR] Failed to load resource: the server responded with a status of 404 (Not Found) @ http://localhost:8765/api/military:0
[  210580ms] [ERROR] Failed to load resource: the server responded with a status of 404 (Not Found) @ http://localhost:8765/api/news:0
[  240511ms] [ERROR] Failed to load resource: the server responded with a status of 404 (Not Found) @ http://localhost:8765/api/indicators:0
[  240521ms] [ERROR] Failed to load resource: the server responded with a status of 404 (Not Found) @ http://localhost:8765/api/military:0
[  240582ms] [ERROR] Failed to load resource: the server responded with a status of 404 (Not Found) @ http://localhost:8765/api/news:0
[  270515ms] [ERROR] Failed to load resource: the server responded with a status of 404 (Not Found) @ http://localhost:8765/api/military:0
[  270580ms] [ERROR] Failed to load resource: the server responded with a status of 404 (Not Found) @ http://localhost:8765/api/news:0
[  300835ms] [ERROR] Failed to load resource: the server responded with a status of 404 (Not Found) @ http://localhost:8765/api/indicators:0
[  300836ms] [ERROR] Failed to load resource: the server responded with a status of 404 (Not Found) @ http://localhost:8765/api/military:0
[  300837ms] [ERROR] Failed to load resource: the server responded with a status of 404 (Not Found) @ http://localhost:8765/api/news:0
[  330522ms] [ERROR] Failed to load resource: the server responded with a status of 404 (Not Found) @ http://localhost:8765/api/military:0
[  330589ms] [ERROR] Failed to load resource: the server responded with a status of 404 (Not Found) @ http://localhost:8765/api/news:0
[  360527ms] [ERROR] Failed to load resource: the server responded with a status of 404 (Not Found) @ http://localhost:8765/api/indicators:0
[  360536ms] [ERROR] Failed to load resource: the server responded with a status of 404 (Not Found) @ http://localhost:8765/api/news:0
[  360538ms] [ERROR] Failed to load resource: the server responded with a status of 404 (Not Found) @ http://localhost:8765/api/military:0
[  360582ms] [ERROR] Failed to load resource: the server responded with a status of 404 (Not Found) @ http://localhost:8765/api/news:0
[  390528ms] [ERROR] Failed to load resource: the server responded with a status of 404 (Not Found) @ http://localhost:8765/api/military:0
[  390584ms] [ERROR] Failed to load resource: the server responded with a status of 404 (Not Found) @ http://localhost:8765/api/news:0
[  420522ms] [ERROR] Failed to load resource: the server responded with a status of 404 (Not Found) @ http://localhost:8765/api/indicators:0
[  420531ms] [ERROR] Failed to load resource: the server responded with a status of 404 (Not Found) @ http://localhost:8765/api/military:0
[  420579ms] [ERROR] Failed to load resource: the server responded with a status of 404 (Not Found) @ http://localhost:8765/api/news:0
[  450520ms] [ERROR] Failed to load resource: the server responded with a status of 404 (Not Found) @ http://localhost:8765/api/military:0
[  450585ms] [ERROR] Failed to load resource: the server responded with a status of 404 (Not Found) @ http://localhost:8765/api/news:0
[  480827ms] [ERROR] Failed to load resource: the server responded with a status of 404 (Not Found) @ http://localhost:8765/api/indicators:0
[  480828ms] [ERROR] Failed to load resource: the server responded with a status of 404 (Not Found) @ http://localhost:8765/api/military:0
[  480831ms] [ERROR] Failed to load resource: the server responded with a status of 404 (Not Found) @ http://localhost:8765/api/news:0
[  510522ms] [ERROR] Failed to load resource: the server responded with a status of 404 (Not Found) @ http://localhost:8765/api/military:0
[  510588ms] [ERROR] Failed to load resource: the server responded with a status of 404 (Not Found) @ http://localhost:8765/api/news:0
[  540521ms] [ERROR] Failed to load resource: the server responded with a status of 404 (Not Found) @ http://localhost:8765/api/indicators:0
[  540532ms] [ERROR] Failed to load resource: the server responded with a status of 404 (Not Found) @ http://localhost:8765/api/news:0
[  540533ms] [ERROR] Failed to load resource: the server responded with a status of 404 (Not Found) @ http://localhost:8765/api/military:0
[  540591ms] [ERROR] Failed to load resource: the server responded with a status of 404 (Not Found) @ http://localhost:8765/api/news:0
[  570518ms] [ERROR] Failed to load resource: the server responded with a status of 404 (Not Found) @ http://localhost:8765/api/military:0
[  570579ms] [ERROR] Failed to load resource: the server responded with a status of 404 (Not Found) @ http://localhost:8765/api/news:0
[  600518ms] [ERROR] Failed to load resource: the server responded with a status of 404 (Not Found) @ http://localhost:8765/api/indicators:0
[  600521ms] [ERROR] Failed to load resource: the server responded with a status of 404 (Not Found) @ http://localhost:8765/api/military:0
[  600583ms] [ERROR] Failed to load resource: the server responded with a status of 404 (Not Found) @ http://localhost:8765/api/news:0
[  630524ms] [ERROR] Failed to load resource: the server responded with a status of 404 (Not Found) @ http://localhost:8765/api/military:0
[  630581ms] [ERROR] Failed to load resource: the server responded with a status of 404 (Not Found) @ http://localhost:8765/api/news:0
[  660831ms] [ERROR] Failed to load resource: the server responded with a status of 404 (Not Found) @ http://localhost:8765/api/indicators:0
[  660833ms] [ERROR] Failed to load resource: the server responded with a status of 404 (Not Found) @ http://localhost:8765/api/military:0
[  660836ms] [ERROR] Failed to load resource: the server responded with a status of 404 (Not Found) @ http://localhost:8765/api/news:0
[  690524ms] [ERROR] Failed to load resource: the server responded with a status of 404 (Not Found) @ http://localhost:8765/api/military:0
[  690583ms] [ERROR] Failed to load resource: the server responded with a status of 404 (Not Found) @ http://localhost:8765/api/news:0
[  720514ms] [ERROR] Failed to load resource: the server responded with a status of 404 (Not Found) @ http://localhost:8765/api/indicators:0
[  720518ms] [ERROR] Failed to load resource: the server responded with a status of 404 (Not Found) @ http://localhost:8765/api/news:0
[  720522ms] [ERROR] Failed to load resource: the server responded with a status of 404 (Not Found) @ http://localhost:8765/api/military:0
[  720581ms] [ERROR] Failed to load resource: the server responded with a status of 404 (Not Found) @ http://localhost:8765/api/news:0
[  750521ms] [ERROR] Failed to load resource: the server responded with a status of 404 (Not Found) @ http://localhost:8765/api/military:0
[  750579ms] [ERROR] Failed to load resource: the server responded with a status of 404 (Not Found) @ http://localhost:8765/api/news:0
[  780516ms] [ERROR] Failed to load resource: the server responded with a status of 404 (Not Found) @ http://localhost:8765/api/indicators:0
[  780521ms] [ERROR] Failed to load resource: the server responded with a status of 404 (Not Found) @ http://localhost:8765/api/military:0
[  780584ms] [ERROR] Failed to load resource: the server responded with a status of 404 (Not Found) @ http://localhost:8765/api/news:0
[  810524ms] [ERROR] Failed to load resource: the server responded with a status of 404 (Not Found) @ http://localhost:8765/api/military:0
[  810585ms] [ERROR] Failed to load resource: the server responded with a status of 404 (Not Found) @ http://localhost:8765/api/news:0
[  840825ms] [ERROR] Failed to load resource: the server responded with a status of 404 (Not Found) @ http://localhost:8765/api/indicators:0
[  840826ms] [ERROR] Failed to load resource: the server responded with a status of 404 (Not Found) @ http://localhost:8765/api/military:0
[  840828ms] [ERROR] Failed to load resource: the server responded with a status of 404 (Not Found) @ http://localhost:8765/api/news:0
[  870519ms] [ERROR] Failed to load resource: the server responded with a status of 404 (Not Found) @ http://localhost:8765/api/military:0
[  870578ms] [ERROR] Failed to load resource: the server responded with a status of 404 (Not Found) @ http://localhost:8765/api/news:0
[  900516ms] [ERROR] Failed to load resource: the server responded with a status of 404 (Not Found) @ http://localhost:8765/api/indicators:0
[  900519ms] [ERROR] Failed to load resource: the server responded with a status of 404 (Not Found) @ http://localhost:8765/api/news:0
[  900522ms] [ERROR] Failed to load resource: the server responded with a status of 404 (Not Found) @ http://localhost:8765/api/military:0
[  900577ms] [ERROR] Failed to load resource: the server responded with a status of 404 (Not Found) @ http://localhost:8765/api/news:0
[  930519ms] [ERROR] Failed to load resource: the server responded with a status of 404 (Not Found) @ http://localhost:8765/api/military:0
[  930582ms] [ERROR] Failed to load resource: the server responded with a status of 404 (Not Found) @ http://localhost:8765/api/news:0
[  960517ms] [ERROR] Failed to load resource: the server responded with a status of 404 (Not Found) @ http://localhost:8765/api/indicators:0
[  960526ms] [ERROR] Failed to load resource: the server responded with a status of 404 (Not Found) @ http://localhost:8765/api/military:0
[  960580ms] [ERROR] Failed to load resource: the server responded with a status of 404 (Not Found) @ http://localhost:8765/api/news:0
[  990519ms] [ERROR] Failed to load resource: the server responded with a status of 404 (Not Found) @ http://localhost:8765/api/military:0
[  990581ms] [ERROR] Failed to load resource: the server responded with a status of 404 (Not Found) @ http://localhost:8765/api/news:0
[ 1020828ms] [ERROR] Failed to load resource: the server responded with a status of 404 (Not Found) @ http://localhost:8765/api/indicators:0
[ 1020837ms] [ERROR] Failed to load resource: the server responded with a status of 404 (Not Found) @ http://localhost:8765/api/military:0
[ 1020837ms] [ERROR] Failed to load resource: the server responded with a status of 404 (Not Found) @ http://localhost:8765/api/news:0
[ 1050523ms] [ERROR] Failed to load resource: the server responded with a status of 404 (Not Found) @ http://localhost:8765/api/military:0
[ 1050583ms] [ERROR] Failed to load resource: the server responded with a status of 404 (Not Found) @ http://localhost:8765/api/news:0
[ 1080519ms] [ERROR] Failed to load resource: the server responded with a status of 404 (Not Found) @ http://localhost:8765/api/indicators:0
[ 1080521ms] [ERROR] Failed to load resource: the server responded with a status of 404 (Not Found) @ http://localhost:8765/api/news:0
[ 1080528ms] [ERROR] Failed to load resource: the server responded with a status of 404 (Not Found) @ http://localhost:8765/api/military:0
[ 1080582ms] [ERROR] Failed to load resource: the server responded with a status of 404 (Not Found) @ http://localhost:8765/api/news:0
[ 1110516ms] [ERROR] Failed to load resource: the server responded with a status of 404 (Not Found) @ http://localhost:8765/api/military:0
[ 1110582ms] [ERROR] Failed to load resource: the server responded with a status of 404 (Not Found) @ http://localhost:8765/api/news:0
[ 1140515ms] [ERROR] Failed to load resource: the server responded with a status of 404 (Not Found) @ http://localhost:8765/api/indicators:0
[ 1140516ms] [ERROR] Failed to load resource: the server responded with a status of 404 (Not Found) @ http://localhost:8765/api/military:0
[ 1140589ms] [ERROR] Failed to load resource: the server responded with a status of 404 (Not Found) @ http://localhost:8765/api/news:0
[ 1170530ms] [ERROR] Failed to load resource: the server responded with a status of 404 (Not Found) @ http://localhost:8765/api/military:0
[ 1170580ms] [ERROR] Failed to load resource: the server responded with a status of 404 (Not Found) @ http://localhost:8765/api/news:0
[ 1200821ms] [ERROR] Failed to load resource: the server responded with a status of 404 (Not Found) @ http://localhost:8765/api/indicators:0
[ 1200823ms] [ERROR] Failed to load resource: the server responded with a status of 404 (Not Found) @ http://localhost:8765/api/military:0
[ 1200825ms] [ERROR] Failed to load resource: the server responded with a status of 404 (Not Found) @ http://localhost:8765/api/news:0
[ 1230513ms] [ERROR] Failed to load resource: the server responded with a status of 404 (Not Found) @ http://localhost:8765/api/military:0
[ 1230580ms] [ERROR] Failed to load resource: the server responded with a status of 404 (Not Found) @ http://localhost:8765/api/news:0
[ 1260511ms] [ERROR] Failed to load resource: the server responded with a status of 404 (Not Found) @ http://localhost:8765/api/indicators:0
[ 1260523ms] [ERROR] Failed to load resource: the server responded with a status of 404 (Not Found) @ http://localhost:8765/api/news:0
[ 1260524ms] [ERROR] Failed to load resource: the server responded with a status of 404 (Not Found) @ http://localhost:8765/api/military:0
[ 1260584ms] [ERROR] Failed to load resource: the server responded with a status of 404 (Not Found) @ http://localhost:8765/api/news:0
