[     591ms] [ERROR] Failed to load resource: the server responded with a status of 404 (Not Found) @ http://localhost:8766/api/indicators:0
[     591ms] [ERROR] Failed to load resource: the server responded with a status of 404 (Not Found) @ http://localhost:8766/api/news:0
[     592ms] [ERROR] Failed to load resource: the server responded with a status of 404 (Not Found) @ http://localhost:8766/api/military:0
[     592ms] [ERROR] Failed to load resource: the server responded with a status of 404 (Not Found) @ http://localhost:8766/api/correlation:0
[   30529ms] [ERROR] Failed to load resource: the server responded with a status of 404 (Not Found) @ http://localhost:8766/api/military:0
[   30601ms] [ERROR] Failed to load resource: the server responded with a status of 404 (Not Found) @ http://localhost:8766/api/news:0
[   60845ms] [ERROR] Failed to load resource: the server responded with a status of 404 (Not Found) @ http://localhost:8766/api/indicators:0
[   60846ms] [ERROR] Failed to load resource: the server responded with a status of 404 (Not Found) @ http://localhost:8766/api/military:0
[   60847ms] [ERROR] Failed to load resource: the server responded with a status of 404 (Not Found) @ http://localhost:8766/api/news:0
[   90529ms] [ERROR] Failed to load resource: the server responded with a status of 404 (Not Found) @ http://localhost:8766/api/military:0
[   90603ms] [ERROR] Failed to load resource: the server responded with a status of 404 (Not Found) @ http://localhost:8766/api/news:0
[  120526ms] [ERROR] Failed to load resource: the server responded with a status of 404 (Not Found) @ http://localhost:8766/api/indicators:0
[  120535ms] [ERROR] Failed to load resource: the server responded with a status of 404 (Not Found) @ http://localhost:8766/api/military:0
[  120611ms] [ERROR] Failed to load resource: the server responded with a status of 404 (Not Found) @ http://localhost:8766/api/news:0
[  150523ms] [ERROR] Failed to load resource: the server responded with a status of 404 (Not Found) @ http://localhost:8766/api/military:0
[  150609ms] [ERROR] Failed to load resource: the server responded with a status of 404 (Not Found) @ http://localhost:8766/api/news:0
[  180849ms] [ERROR] Failed to load resource: the server responded with a status of 404 (Not Found) @ http://localhost:8766/api/indicators:0
[  180850ms] [ERROR] Failed to load resource: the server responded with a status of 404 (Not Found) @ http://localhost:8766/api/news:0
[  180850ms] [ERROR] Failed to load resource: the server responded with a status of 404 (Not Found) @ http://localhost:8766/api/military:0
[  180851ms] [ERROR] Failed to load resource: the server responded with a status of 404 (Not Found) @ http://localhost:8766/api/news:0
[  210526ms] [ERROR] Failed to load resource: the server responded with a status of 404 (Not Found) @ http://localhost:8766/api/military:0
[  210605ms] [ERROR] Failed to load resource: the server responded with a status of 404 (Not Found) @ http://localhost:8766/api/news:0
[  240539ms] [ERROR] Failed to load resource: the server responded with a status of 404 (Not Found) @ http://localhost:8766/api/indicators:0
[  240540ms] [ERROR] Failed to load resource: the server responded with a status of 404 (Not Found) @ http://localhost:8766/api/military:0
[  240600ms] [ERROR] Failed to load resource: the server responded with a status of 404 (Not Found) @ http://localhost:8766/api/news:0
[  270528ms] [ERROR] Failed to load resource: the server responded with a status of 404 (Not Found) @ http://localhost:8766/api/military:0
[  270609ms] [ERROR] Failed to load resource: the server responded with a status of 404 (Not Found) @ http://localhost:8766/api/news:0
[  300842ms] [ERROR] Failed to load resource: the server responded with a status of 404 (Not Found) @ http://localhost:8766/api/indicators:0
[  300842ms] [ERROR] Failed to load resource: the server responded with a status of 404 (Not Found) @ http://localhost:8766/api/military:0
[  300844ms] [ERROR] Failed to load resource: the server responded with a status of 404 (Not Found) @ http://localhost:8766/api/news:0
[  330529ms] [ERROR] Failed to load resource: the server responded with a status of 404 (Not Found) @ http://localhost:8766/api/military:0
[  330604ms] [ERROR] Failed to load resource: the server responded with a status of 404 (Not Found) @ http://localhost:8766/api/news:0
[  360537ms] [ERROR] Failed to load resource: the server responded with a status of 404 (Not Found) @ http://localhost:8766/api/indicators:0
[  360538ms] [ERROR] Failed to load resource: the server responded with a status of 404 (Not Found) @ http://localhost:8766/api/news:0
[  360539ms] [ERROR] Failed to load resource: the server responded with a status of 404 (Not Found) @ http://localhost:8766/api/military:0
[  360606ms] [ERROR] Failed to load resource: the server responded with a status of 404 (Not Found) @ http://localhost:8766/api/news:0
[  390524ms] [ERROR] Failed to load resource: the server responded with a status of 404 (Not Found) @ http://localhost:8766/api/military:0
[  390611ms] [ERROR] Failed to load resource: the server responded with a status of 404 (Not Found) @ http://localhost:8766/api/news:0
[  420530ms] [ERROR] Failed to load resource: the server responded with a status of 404 (Not Found) @ http://localhost:8766/api/indicators:0
[  420534ms] [ERROR] Failed to load resource: the server responded with a status of 404 (Not Found) @ http://localhost:8766/api/military:0
[  420600ms] [ERROR] Failed to load resource: the server responded with a status of 404 (Not Found) @ http://localhost:8766/api/news:0
[  450529ms] [ERROR] Failed to load resource: the server responded with a status of 404 (Not Found) @ http://localhost:8766/api/military:0
[  450604ms] [ERROR] Failed to load resource: the server responded with a status of 404 (Not Found) @ http://localhost:8766/api/news:0
[  480841ms] [ERROR] Failed to load resource: the server responded with a status of 404 (Not Found) @ http://localhost:8766/api/indicators:0
[  480843ms] [ERROR] Failed to load resource: the server responded with a status of 404 (Not Found) @ http://localhost:8766/api/news:0
[  480846ms] [ERROR] Failed to load resource: the server responded with a status of 404 (Not Found) @ http://localhost:8766/api/military:0
[  510530ms] [ERROR] Failed to load resource: the server responded with a status of 404 (Not Found) @ http://localhost:8766/api/military:0
[  510606ms] [ERROR] Failed to load resource: the server responded with a status of 404 (Not Found) @ http://localhost:8766/api/news:0
[  540528ms] [ERROR] Failed to load resource: the server responded with a status of 404 (Not Found) @ http://localhost:8766/api/indicators:0
[  540530ms] [ERROR] Failed to load resource: the server responded with a status of 404 (Not Found) @ http://localhost:8766/api/news:0
[  540533ms] [ERROR] Failed to load resource: the server responded with a status of 404 (Not Found) @ http://localhost:8766/api/military:0
[  540610ms] [ERROR] Failed to load resource: the server responded with a status of 404 (Not Found) @ http://localhost:8766/api/news:0
[  570528ms] [ERROR] Failed to load resource: the server responded with a status of 404 (Not Found) @ http://localhost:8766/api/military:0
[  570605ms] [ERROR] Failed to load resource: the server responded with a status of 404 (Not Found) @ http://localhost:8766/api/news:0
[  600528ms] [ERROR] Failed to load resource: the server responded with a status of 404 (Not Found) @ http://localhost:8766/api/indicators:0
[  600531ms] [ERROR] Failed to load resource: the server responded with a status of 404 (Not Found) @ http://localhost:8766/api/military:0
[  600608ms] [ERROR] Failed to load resource: the server responded with a status of 404 (Not Found) @ http://localhost:8766/api/news:0
[  630527ms] [ERROR] Failed to load resource: the server responded with a status of 404 (Not Found) @ http://localhost:8766/api/military:0
[  630607ms] [ERROR] Failed to load resource: the server responded with a status of 404 (Not Found) @ http://localhost:8766/api/news:0
[  660840ms] [ERROR] Failed to load resource: the server responded with a status of 404 (Not Found) @ http://localhost:8766/api/indicators:0
[  660841ms] [ERROR] Failed to load resource: the server responded with a status of 404 (Not Found) @ http://localhost:8766/api/military:0
[  660843ms] [ERROR] Failed to load resource: the server responded with a status of 404 (Not Found) @ http://localhost:8766/api/news:0
[  690526ms] [ERROR] Failed to load resource: the server responded with a status of 404 (Not Found) @ http://localhost:8766/api/military:0
[  690606ms] [ERROR] Failed to load resource: the server responded with a status of 404 (Not Found) @ http://localhost:8766/api/news:0
[  720526ms] [ERROR] Failed to load resource: the server responded with a status of 404 (Not Found) @ http://localhost:8766/api/indicators:0
[  720529ms] [ERROR] Failed to load resource: the server responded with a status of 404 (Not Found) @ http://localhost:8766/api/news:0
[  720534ms] [ERROR] Failed to load resource: the server responded with a status of 404 (Not Found) @ http://localhost:8766/api/military:0
[  720607ms] [ERROR] Failed to load resource: the server responded with a status of 404 (Not Found) @ http://localhost:8766/api/news:0
[  750536ms] [ERROR] Failed to load resource: the server responded with a status of 404 (Not Found) @ http://localhost:8766/api/military:0
[  750605ms] [ERROR] Failed to load resource: the server responded with a status of 404 (Not Found) @ http://localhost:8766/api/news:0
[  780525ms] [ERROR] Failed to load resource: the server responded with a status of 404 (Not Found) @ http://localhost:8766/api/indicators:0
[  780532ms] [ERROR] Failed to load resource: the server responded with a status of 404 (Not Found) @ http://localhost:8766/api/military:0
[  780602ms] [ERROR] Failed to load resource: the server responded with a status of 404 (Not Found) @ http://localhost:8766/api/news:0
[  810845ms] [ERROR] Failed to load resource: the server responded with a status of 404 (Not Found) @ http://localhost:8766/api/military:0
[  810845ms] [ERROR] Failed to load resource: the server responded with a status of 404 (Not Found) @ http://localhost:8766/api/news:0
[  840535ms] [ERROR] Failed to load resource: the server responded with a status of 404 (Not Found) @ http://localhost:8766/api/indicators:0
[  840536ms] [ERROR] Failed to load resource: the server responded with a status of 404 (Not Found) @ http://localhost:8766/api/military:0
[  840610ms] [ERROR] Failed to load resource: the server responded with a status of 404 (Not Found) @ http://localhost:8766/api/news:0
[  870845ms] [ERROR] Failed to load resource: the server responded with a status of 404 (Not Found) @ http://localhost:8766/api/military:0
[  870848ms] [ERROR] Failed to load resource: the server responded with a status of 404 (Not Found) @ http://localhost:8766/api/news:0
[  900542ms] [ERROR] Failed to load resource: the server responded with a status of 404 (Not Found) @ http://localhost:8766/api/indicators:0
[  900543ms] [ERROR] Failed to load resource: the server responded with a status of 404 (Not Found) @ http://localhost:8766/api/news:0
[  900543ms] [ERROR] Failed to load resource: the server responded with a status of 404 (Not Found) @ http://localhost:8766/api/military:0
[  900605ms] [ERROR] Failed to load resource: the server responded with a status of 404 (Not Found) @ http://localhost:8766/api/news:0
[  930848ms] [ERROR] Failed to load resource: the server responded with a status of 404 (Not Found) @ http://localhost:8766/api/military:0
[  930851ms] [ERROR] Failed to load resource: the server responded with a status of 404 (Not Found) @ http://localhost:8766/api/news:0
[  960526ms] [ERROR] Failed to load resource: the server responded with a status of 404 (Not Found) @ http://localhost:8766/api/indicators:0
[  960528ms] [ERROR] Failed to load resource: the server responded with a status of 404 (Not Found) @ http://localhost:8766/api/military:0
[  960615ms] [ERROR] Failed to load resource: the server responded with a status of 404 (Not Found) @ http://localhost:8766/api/news:0
[  990838ms] [ERROR] Failed to load resource: the server responded with a status of 404 (Not Found) @ http://localhost:8766/api/military:0
[  990841ms] [ERROR] Failed to load resource: the server responded with a status of 404 (Not Found) @ http://localhost:8766/api/news:0
[ 1020525ms] [ERROR] Failed to load resource: the server responded with a status of 404 (Not Found) @ http://localhost:8766/api/indicators:0
[ 1020538ms] [ERROR] Failed to load resource: the server responded with a status of 404 (Not Found) @ http://localhost:8766/api/military:0
[ 1020614ms] [ERROR] Failed to load resource: the server responded with a status of 404 (Not Found) @ http://localhost:8766/api/news:0
[ 1050849ms] [ERROR] Failed to load resource: the server responded with a status of 404 (Not Found) @ http://localhost:8766/api/military:0
[ 1050849ms] [ERROR] Failed to load resource: the server responded with a status of 404 (Not Found) @ http://localhost:8766/api/news:0
[ 1080535ms] [ERROR] Failed to load resource: the server responded with a status of 404 (Not Found) @ http://localhost:8766/api/indicators:0
[ 1080536ms] [ERROR] Failed to load resource: the server responded with a status of 404 (Not Found) @ http://localhost:8766/api/news:0
[ 1080538ms] [ERROR] Failed to load resource: the server responded with a status of 404 (Not Found) @ http://localhost:8766/api/military:0
[ 1080605ms] [ERROR] Failed to load resource: the server responded with a status of 404 (Not Found) @ http://localhost:8766/api/news:0
[ 1110534ms] [ERROR] Failed to load resource: the server responded with a status of 404 (Not Found) @ http://localhost:8766/api/military:0
[ 1110613ms] [ERROR] Failed to load resource: the server responded with a status of 404 (Not Found) @ http://localhost:8766/api/news:0
[ 1140848ms] [ERROR] Failed to load resource: the server responded with a status of 404 (Not Found) @ http://localhost:8766/api/indicators:0
[ 1140849ms] [ERROR] Failed to load resource: the server responded with a status of 404 (Not Found) @ http://localhost:8766/api/military:0
[ 1140857ms] [ERROR] Failed to load resource: the server responded with a status of 404 (Not Found) @ http://localhost:8766/api/news:0
[ 1170539ms] [ERROR] Failed to load resource: the server responded with a status of 404 (Not Found) @ http://localhost:8766/api/military:0
[ 1170603ms] [ERROR] Failed to load resource: the server responded with a status of 404 (Not Found) @ http://localhost:8766/api/news:0
