[    9924ms] [WARNING]  [33m[1m⚠[22m[39m Runtime config is deprecated and will be removed in Next.js 16. Please remove the usage of "next/config" from your project. @ https://cdn.investing.com/x/585d5b1/_next/static/chunks/pages/_app-1ce1ac4739941ae0.js:14
[   10570ms] Uncaught Error: Minified React error #418; visit https://react.dev/errors/418?args[]= for the full message or use the non-minified dev environment for full errors and additional helpful warnings.
    at rT (https://cdn.investing.com/x/585d5b1/_next/static/chunks/framework-f8d751c8da87b5be.js:0:114641)
    at rR (https://cdn.investing.com/x/585d5b1/_next/static/chunks/framework-f8d751c8da87b5be.js:0:115602)
    at <anonymous> (https://cdn.investing.com/x/585d5b1/_next/static/chunks/framework-f8d751c8da87b5be.js:0:195797)
    at sp (https://cdn.investing.com/x/585d5b1/_next/static/chunks/framework-f8d751c8da87b5be.js:0:200102)
    at sc (https://cdn.investing.com/x/585d5b1/_next/static/chunks/framework-f8d751c8da87b5be.js:0:192459)
    at <anonymous> (https://cdn.investing.com/x/585d5b1/_next/static/chunks/framework-f8d751c8da87b5be.js:0:192243)
    at su (https://cdn.investing.com/x/585d5b1/_next/static/chunks/framework-f8d751c8da87b5be.js:0:192251)
    at i7 (https://cdn.investing.com/x/585d5b1/_next/static/chunks/framework-f8d751c8da87b5be.js:0:188681)
    at sB (https://cdn.investing.com/x/585d5b1/_next/static/chunks/framework-f8d751c8da87b5be.js:0:209923)
    at _ (https://cdn.investing.com/x/585d5b1/_next/static/chunks/framework-f8d751c8da87b5be.js:0:257509)
[   11753ms] [WARNING] Highcharts warning: Consider including the "accessibility.js" module to make your chart more usable for people with disabilities. Set the "accessibility.enabled" option to false to remove this warning. See https://www.highcharts.com/docs/accessibility/accessibility-module. @ https://cdn.investing.com/x/585d5b1/_next/static/chunks/6baa49ab-452e08cd04267a67.js:1
[   11766ms] [WARNING] [GPT] Using deprecated googletag.encryptedSignalProviders. Please use googletag.secureSignalProviders instead.
https://goo.gle/gpt-message#155 @ https://securepubads.g.doubleclick.net/pagead/managed/js/gpt/m202603030101/pubads_impl.js?cb=31097063:18
[   11779ms] [WARNING] [GPT] Using deprecated googletag.encryptedSignalProviders. Please use googletag.secureSignalProviders instead.
https://goo.gle/gpt-message#155 @ https://securepubads.g.doubleclick.net/pagead/managed/js/gpt/m202603030101/pubads_impl.js?cb=31097063:18
[   11789ms] [WARNING] [GPT] Using deprecated googletag.encryptedSignalProviders. Please use googletag.secureSignalProviders instead.
https://goo.gle/gpt-message#155 @ https://securepubads.g.doubleclick.net/pagead/managed/js/gpt/m202603030101/pubads_impl.js?cb=31097063:18
[   11795ms] [WARNING] Google Deploy of the SharedId library has been deprecated. Please select another option in the GAM UI. If you use Prebid, we suggest the Prebid.js UserId option. If you do not, you may configure GAM to allow Google to share a first party user identifier with OB and AB participants, which is either the publisherProvidedId or the __gads value when that is missing. @ https://cdn.jsdelivr.net/gh/prebid/shared-id/pubcid.js/docs/pubcid.min.js:0
[   12720ms] [ERROR] Failed to load resource: the server responded with a status of 400 () @ https://ups.analytics.yahoo.com/ups/58813/fed?gpp_sid=-1&v=1&url=https%3A%2F%2Fkr.investing.com%2Fcommodities%2Fcrude-oil:0
[   14669ms] [ERROR] Failed to load resource: the server responded with a status of 400 () @ https://ad.360yield.com/server_match?partner_id=1680&gdpr=0&gdpr_consent=%r=:0
[   16178ms] [ERROR] Attestation check for Shared Storage on https://www.googleadservices.com failed. @ https://www.googleadservices.com/pagead/managed/js/activeview/current/reach_worklet.html:0
[   16190ms] [ERROR] Failed to load resource: net::ERR_CONNECTION_REFUSED @ https://cs.nex8.net/cs/openx:0
[   16194ms] [ERROR] Attestation check for Shared Storage on https://www.googleadservices.com failed. @ https://www.googleadservices.com/pagead/managed/js/activeview/current/reach_worklet.html:0
[   16190ms] [ERROR] Failed to load resource: net::ERR_CONNECTION_REFUSED @ https://cs.nex8.net/cs/openx:0
[   16659ms] [ERROR] Failed to load resource: net::ERR_NAME_NOT_RESOLVED @ https://dps.jp.cinarra.com/pxd?PLATFORM_ID=1&USER_ID=71e9fc37-20bc-82d0-d02a-b5ffec28ab91:0
[   16660ms] [ERROR] Failed to load resource: net::ERR_NAME_NOT_RESOLVED @ https://match.rundsp.com/redirect?ex=openx:0
[   16190ms] [ERROR] Failed to load resource: net::ERR_CONNECTION_REFUSED @ https://cs.nex8.net/cs/openx:0
[   16659ms] [ERROR] Failed to load resource: net::ERR_NAME_NOT_RESOLVED @ https://dps.jp.cinarra.com/pxd?PLATFORM_ID=1&USER_ID=71e9fc37-20bc-82d0-d02a-b5ffec28ab91:0
[   16660ms] [ERROR] Failed to load resource: net::ERR_NAME_NOT_RESOLVED @ https://match.rundsp.com/redirect?ex=openx:0
[   14669ms] [ERROR] Failed to load resource: the server responded with a status of 400 () @ https://ad.360yield.com/server_match?partner_id=1680&gdpr=0&gdpr_consent=%r=:0
[   17463ms] [ERROR] Failed to load resource: the server responded with a status of 503 () @ https://sync.inmobi.com/sync?redirect=https%3A%2F%2Fs.amazon-adsystem.com%2Fecm3%3Fex%3Dinmobi.com%26id%3D%7BID5UID%7D&gdpr_consent=&gdpr=&us_privacy=&gdpr_pd=&source=8&google_push=&retry=:0
[   17850ms] [ERROR] Failed to load resource: the server responded with a status of 422 () @ https://match.sharethrough.com/FGMrCMMc/v1?redirectUri=https%3A%2F%2Fsync.sparteo.com%2Fsetuid%3Fpslabel%3Dnull%26bidder%3Dsharethrough%26gdpr%3D0%26gdpr_consent%3Dnull%26us_privacy%3D%26gpp%3D%26gpp_sid%3D%26f%3Di%26uid%3D%24UID&gdpr=0&gdpr_consent=null&us_privacy=:0
[   16190ms] [ERROR] Failed to load resource: net::ERR_CONNECTION_REFUSED @ https://cs.nex8.net/cs/openx:0
[   16659ms] [ERROR] Failed to load resource: net::ERR_NAME_NOT_RESOLVED @ https://dps.jp.cinarra.com/pxd?PLATFORM_ID=1&USER_ID=71e9fc37-20bc-82d0-d02a-b5ffec28ab91:0
[   16660ms] [ERROR] Failed to load resource: net::ERR_NAME_NOT_RESOLVED @ https://match.rundsp.com/redirect?ex=openx:0
[   18861ms] [ERROR] Failed to load resource: net::ERR_NAME_NOT_RESOLVED @ https://j.mrpdata.net/c.html?ex=OpenX:0
[   17463ms] [ERROR] Failed to load resource: the server responded with a status of 503 () @ https://sync.inmobi.com/sync?redirect=https%3A%2F%2Fs.amazon-adsystem.com%2Fecm3%3Fex%3Dinmobi.com%26id%3D%7BID5UID%7D&gdpr_consent=&gdpr=&us_privacy=&gdpr_pd=&source=8&google_push=&retry=:0
[   19066ms] [ERROR] Failed to load resource: the server responded with a status of 503 () @ https://sync.inmobi.com/TAM?redirect=https%3A%2F%2Fs.amazon-adsystem.com%2Fecm3%3Fex%3Dinmobi.com%26id%3D%7BID5UID%7D&gdpr=0:0
[   17463ms] [ERROR] Failed to load resource: the server responded with a status of 503 () @ https://sync.inmobi.com/sync?redirect=https%3A%2F%2Fs.amazon-adsystem.com%2Fecm3%3Fex%3Dinmobi.com%26id%3D%7BID5UID%7D&gdpr_consent=&gdpr=&us_privacy=&gdpr_pd=&source=8&google_push=&retry=:0
[   19066ms] [ERROR] Failed to load resource: the server responded with a status of 503 () @ https://sync.inmobi.com/TAM?redirect=https%3A%2F%2Fs.amazon-adsystem.com%2Fecm3%3Fex%3Dinmobi.com%26id%3D%7BID5UID%7D&gdpr=0:0
[   16190ms] [ERROR] Failed to load resource: net::ERR_CONNECTION_REFUSED @ https://cs.nex8.net/cs/openx:0
[   16659ms] [ERROR] Failed to load resource: net::ERR_NAME_NOT_RESOLVED @ https://dps.jp.cinarra.com/pxd?PLATFORM_ID=1&USER_ID=71e9fc37-20bc-82d0-d02a-b5ffec28ab91:0
[   16660ms] [ERROR] Failed to load resource: net::ERR_NAME_NOT_RESOLVED @ https://match.rundsp.com/redirect?ex=openx:0
[   18861ms] [ERROR] Failed to load resource: net::ERR_NAME_NOT_RESOLVED @ https://j.mrpdata.net/c.html?ex=OpenX:0
[   20094ms] [ERROR] Failed to load resource: the server responded with a status of 400 (Bad Request) @ https://cpm.vistarsagency.com/user-sync?zone=297502&t=image&r=https%3A%2F%2Fprebid.admatic.de%2Fsetuid%3Fbidder%3Dvistar%26gdpr%3D%26gdpr_consent%3D%26f%3Di%26uid%3D%7BUID%7D:0
[   20154ms] [ERROR] Failed to load resource: net::ERR_CONNECTION_CLOSED @ https://csync.loopme.me/?pubid=9724&gdpr=0&gdpr_consent=&redirect=https%3A%2F%2Fsync.inmobi.com%2Fsetuid%3FbidderID%3D109%26dspUserId%3D%7Bviewer_token%7D:0
[   20259ms] [ERROR] Failed to load resource: the server responded with a status of 424 (Failed Dependency) @ https://t.adx.opera.com/pub/sync?pubid=pub10101531197440&gdpr=1&gdpr_consent=:0
[   16190ms] [ERROR] Failed to load resource: net::ERR_CONNECTION_REFUSED @ https://cs.nex8.net/cs/openx:0
[   16659ms] [ERROR] Failed to load resource: net::ERR_NAME_NOT_RESOLVED @ https://dps.jp.cinarra.com/pxd?PLATFORM_ID=1&USER_ID=71e9fc37-20bc-82d0-d02a-b5ffec28ab91:0
[   16660ms] [ERROR] Failed to load resource: net::ERR_NAME_NOT_RESOLVED @ https://match.rundsp.com/redirect?ex=openx:0
[   18861ms] [ERROR] Failed to load resource: net::ERR_NAME_NOT_RESOLVED @ https://j.mrpdata.net/c.html?ex=OpenX:0
[   20609ms] [ERROR] Failed to load resource: net::ERR_CERT_COMMON_NAME_INVALID @ https://fran.frvr.com/api/v1/usync?bidder=inmobi&gdpr=0&gdpr_consent=&us_privacy=&f=i&uid=ID5-1-2fa93c6e-ef3c-443d-934a-98a0d582bf0e:0
[   20704ms] [ERROR] Failed to load resource: net::ERR_NAME_NOT_RESOLVED @ https://cs.lkqd.net/cs?partnerId=109&partnerUserId=efcb87a525&gdpr=0&gdpr_consent=:0
[   20259ms] [ERROR] Failed to load resource: the server responded with a status of 424 (Failed Dependency) @ https://t.adx.opera.com/pub/sync?pubid=pub10101531197440&gdpr=1&gdpr_consent=:0
[   20094ms] [ERROR] Failed to load resource: the server responded with a status of 400 (Bad Request) @ https://cpm.vistarsagency.com/user-sync?zone=297502&t=image&r=https%3A%2F%2Fprebid.admatic.de%2Fsetuid%3Fbidder%3Dvistar%26gdpr%3D%26gdpr_consent%3D%26f%3Di%26uid%3D%7BUID%7D:0
[   20094ms] [ERROR] Failed to load resource: the server responded with a status of 400 (Bad Request) @ https://cpm.vistarsagency.com/user-sync?zone=297502&t=image&r=https%3A%2F%2Fprebid.admatic.de%2Fsetuid%3Fbidder%3Dvistar%26gdpr%3D%26gdpr_consent%3D%26f%3Di%26uid%3D%7BUID%7D:0
[   20094ms] [ERROR] Failed to load resource: the server responded with a status of 400 (Bad Request) @ https://cpm.vistarsagency.com/user-sync?zone=297502&t=image&r=https%3A%2F%2Fprebid.admatic.de%2Fsetuid%3Fbidder%3Dvistar%26gdpr%3D%26gdpr_consent%3D%26f%3Di%26uid%3D%7BUID%7D:0
[   17463ms] [ERROR] Failed to load resource: the server responded with a status of 503 () @ https://sync.inmobi.com/sync?redirect=https%3A%2F%2Fs.amazon-adsystem.com%2Fecm3%3Fex%3Dinmobi.com%26id%3D%7BID5UID%7D&gdpr_consent=&gdpr=&us_privacy=&gdpr_pd=&source=8&google_push=&retry=:0
[   19066ms] [ERROR] Failed to load resource: the server responded with a status of 503 () @ https://sync.inmobi.com/TAM?redirect=https%3A%2F%2Fs.amazon-adsystem.com%2Fecm3%3Fex%3Dinmobi.com%26id%3D%7BID5UID%7D&gdpr=0:0
[   20154ms] [ERROR] Failed to load resource: net::ERR_CONNECTION_CLOSED @ https://csync.loopme.me/?pubid=9724&gdpr=0&gdpr_consent=&redirect=https%3A%2F%2Fsync.inmobi.com%2Fsetuid%3FbidderID%3D109%26dspUserId%3D%7Bviewer_token%7D:0
[   20609ms] [ERROR] Failed to load resource: net::ERR_CERT_COMMON_NAME_INVALID @ https://fran.frvr.com/api/v1/usync?bidder=inmobi&gdpr=0&gdpr_consent=&us_privacy=&f=i&uid=ID5-1-2fa93c6e-ef3c-443d-934a-98a0d582bf0e:0
[   20704ms] [ERROR] Failed to load resource: net::ERR_NAME_NOT_RESOLVED @ https://cs.lkqd.net/cs?partnerId=109&partnerUserId=efcb87a525&gdpr=0&gdpr_consent=:0
[   20259ms] [ERROR] Failed to load resource: the server responded with a status of 424 (Failed Dependency) @ https://t.adx.opera.com/pub/sync?pubid=pub10101531197440&gdpr=1&gdpr_consent=:0
[   21652ms] [ERROR] Failed to load resource: the server responded with a status of 400 (Bad Request) @ https://cpm.vistarsagency.com/user-sync?zone=297502&t=image&r=https%3A%2F%2Fprebid.admatic.de%2Fsetuid%3Fbidder%3Dvistar%26gdpr%3D%26gdpr_consent%3D%26f%3Di%26uid%3D%7BUID%7D:0
[   21858ms] [ERROR] Failed to load resource: the server responded with a status of 503 () @ https://sync.inmobi.com/setuid?bidderID=877&dspUserId=0a51a7d5-2f57-451b-9ec1-715ef87f6072:0
[   21981ms] [ERROR] Failed to load resource: the server responded with a status of 404 () @ https://cs.krushmedia.com/4831fbf13dd518a56346a6e0ec8ba9d5.gif?puid=ID5-1-2fa93c6e-ef3c-443d-934a-98a0d582bf0e&redir=https%3A%2F%2Fsync.inmobi.com%2Fsetuid%3FbidderID%3D1315%26dspUserId%3D%5BUID%5D&gdpr=0&gdpr_consent=:0
[   21988ms] [ERROR] Failed to load resource: the server responded with a status of 400 (Bad Request) @ https://cpm.vistarsagency.com/user-sync?zone=297502&t=image&r=https%3A%2F%2Fprebid.admatic.de%2Fsetuid%3Fbidder%3Dvistar%26gdpr%3D%26gdpr_consent%3D%26f%3Di%26uid%3D%7BUID%7D:0
[   21989ms] [ERROR] Failed to load resource: the server responded with a status of 404 () @ https://id5-sync.com/k/285.gif?puid=MMGC2OTV-8-2PRS&gdpr=0:0
[   21993ms] [ERROR] Failed to load resource: the server responded with a status of 503 () @ https://sync.inmobi.com/setuid?bidderID=12&dspUserId=AAOSyE7TWEQAAACbVrT6_Q:0
[   21997ms] [ERROR] Failed to load resource: the server responded with a status of 404 () @ https://id5-sync.com/k/285.gif?puid=MMGC2OTV-8-2PRS&gdpr=0:0
[   22015ms] [ERROR] Failed to load resource: the server responded with a status of 400 (Bad Request) @ https://measureadv.com/user?gdpr=0&gdpr_consent=&usp_consent=&p=4:0
[   22046ms] [ERROR] Failed to load resource: the server responded with a status of 404 () @ https://cs.krushmedia.com/4831fbf13dd518a56346a6e0ec8ba9d5.gif?puid=ID5-1-2fa93c6e-ef3c-443d-934a-98a0d582bf0e&redir=https%3A%2F%2Fsync.inmobi.com%2Fsetuid%3FbidderID%3D1315%26dspUserId%3D%5BUID%5D&gdpr=0&gdpr_consent=:0
[   22626ms] [ERROR] Failed to load resource: net::ERR_CONNECTION_CLOSED @ https://csync.loopme.me/?pubid=9724&gdpr=0&gdpr_consent=&redirect=https%3A%2F%2Fsync.inmobi.com%2Fsetuid%3FbidderID%3D109%26dspUserId%3D%7Bviewer_token%7D:0
[   22693ms] [ERROR] Failed to load resource: the server responded with a status of 400 (Bad Request) @ https://measureadv.com/userBack?uid=03c08c7a-14fe-418e-b616-b370acf18098&p=4&gdpr=0&gdpr_consent=&usp_consent=:0
[   17463ms] [ERROR] Failed to load resource: the server responded with a status of 503 () @ https://sync.inmobi.com/sync?redirect=https%3A%2F%2Fs.amazon-adsystem.com%2Fecm3%3Fex%3Dinmobi.com%26id%3D%7BID5UID%7D&gdpr_consent=&gdpr=&us_privacy=&gdpr_pd=&source=8&google_push=&retry=:0
[   19066ms] [ERROR] Failed to load resource: the server responded with a status of 503 () @ https://sync.inmobi.com/TAM?redirect=https%3A%2F%2Fs.amazon-adsystem.com%2Fecm3%3Fex%3Dinmobi.com%26id%3D%7BID5UID%7D&gdpr=0:0
[   20154ms] [ERROR] Failed to load resource: net::ERR_CONNECTION_CLOSED @ https://csync.loopme.me/?pubid=9724&gdpr=0&gdpr_consent=&redirect=https%3A%2F%2Fsync.inmobi.com%2Fsetuid%3FbidderID%3D109%26dspUserId%3D%7Bviewer_token%7D:0
[   20609ms] [ERROR] Failed to load resource: net::ERR_CERT_COMMON_NAME_INVALID @ https://fran.frvr.com/api/v1/usync?bidder=inmobi&gdpr=0&gdpr_consent=&us_privacy=&f=i&uid=ID5-1-2fa93c6e-ef3c-443d-934a-98a0d582bf0e:0
[   20704ms] [ERROR] Failed to load resource: net::ERR_NAME_NOT_RESOLVED @ https://cs.lkqd.net/cs?partnerId=109&partnerUserId=efcb87a525&gdpr=0&gdpr_consent=:0
[   21858ms] [ERROR] Failed to load resource: the server responded with a status of 503 () @ https://sync.inmobi.com/setuid?bidderID=877&dspUserId=0a51a7d5-2f57-451b-9ec1-715ef87f6072:0
[   21981ms] [ERROR] Failed to load resource: the server responded with a status of 404 () @ https://cs.krushmedia.com/4831fbf13dd518a56346a6e0ec8ba9d5.gif?puid=ID5-1-2fa93c6e-ef3c-443d-934a-98a0d582bf0e&redir=https%3A%2F%2Fsync.inmobi.com%2Fsetuid%3FbidderID%3D1315%26dspUserId%3D%5BUID%5D&gdpr=0&gdpr_consent=:0
[   21993ms] [ERROR] Failed to load resource: the server responded with a status of 503 () @ https://sync.inmobi.com/setuid?bidderID=12&dspUserId=AAOSyE7TWEQAAACbVrT6_Q:0
[   22015ms] [ERROR] Failed to load resource: the server responded with a status of 400 (Bad Request) @ https://measureadv.com/user?gdpr=0&gdpr_consent=&usp_consent=&p=4:0
[   22046ms] [ERROR] Failed to load resource: the server responded with a status of 404 () @ https://cs.krushmedia.com/4831fbf13dd518a56346a6e0ec8ba9d5.gif?puid=ID5-1-2fa93c6e-ef3c-443d-934a-98a0d582bf0e&redir=https%3A%2F%2Fsync.inmobi.com%2Fsetuid%3FbidderID%3D1315%26dspUserId%3D%5BUID%5D&gdpr=0&gdpr_consent=:0
[   22626ms] [ERROR] Failed to load resource: net::ERR_CONNECTION_CLOSED @ https://csync.loopme.me/?pubid=9724&gdpr=0&gdpr_consent=&redirect=https%3A%2F%2Fsync.inmobi.com%2Fsetuid%3FbidderID%3D109%26dspUserId%3D%7Bviewer_token%7D:0
[   24895ms] [WARNING] Failed to execute 'postMessage' on 'DOMWindow': The target origin provided ('https://www.google.com') does not match the recipient window's origin ('https://kr.investing.com'). @ https://kr.investing.com/gcode/?id=G-C4NDLGKVMK&cx=c&gtm=4e6341:895
[   24895ms] [WARNING] Failed to execute 'postMessage' on 'DOMWindow': The target origin provided ('https://www.youtube.com') does not match the recipient window's origin ('https://kr.investing.com'). @ https://kr.investing.com/gcode/?id=G-C4NDLGKVMK&cx=c&gtm=4e6341:895
[   24895ms] [WARNING] Failed to execute 'postMessage' on 'DOMWindow': The target origin provided ('https://m.youtube.com') does not match the recipient window's origin ('https://kr.investing.com'). @ https://kr.investing.com/gcode/?id=G-C4NDLGKVMK&cx=c&gtm=4e6341:895
[   25036ms] [WARNING] Failed to execute 'postMessage' on 'DOMWindow': The target origin provided ('https://insights.hotjar.com') does not match the recipient window's origin ('https://kr.investing.com'). @ https://script.hotjar.com/modules.ddd41caee2adfc4aedb8.js:3
[   25243ms] [ERROR] Failed to load resource: the server responded with a status of 503 () @ https://sync.inmobi.com/setuid?bidderID=1083&dspUserId=c864a7a5-5dd3-5d7e-8bb3-3082b1eeb544:0
[   17463ms] [ERROR] Failed to load resource: the server responded with a status of 503 () @ https://sync.inmobi.com/sync?redirect=https%3A%2F%2Fs.amazon-adsystem.com%2Fecm3%3Fex%3Dinmobi.com%26id%3D%7BID5UID%7D&gdpr_consent=&gdpr=&us_privacy=&gdpr_pd=&source=8&google_push=&retry=:0
[   19066ms] [ERROR] Failed to load resource: the server responded with a status of 503 () @ https://sync.inmobi.com/TAM?redirect=https%3A%2F%2Fs.amazon-adsystem.com%2Fecm3%3Fex%3Dinmobi.com%26id%3D%7BID5UID%7D&gdpr=0:0
[   20154ms] [ERROR] Failed to load resource: net::ERR_CONNECTION_CLOSED @ https://csync.loopme.me/?pubid=9724&gdpr=0&gdpr_consent=&redirect=https%3A%2F%2Fsync.inmobi.com%2Fsetuid%3FbidderID%3D109%26dspUserId%3D%7Bviewer_token%7D:0
[   20609ms] [ERROR] Failed to load resource: net::ERR_CERT_COMMON_NAME_INVALID @ https://fran.frvr.com/api/v1/usync?bidder=inmobi&gdpr=0&gdpr_consent=&us_privacy=&f=i&uid=ID5-1-2fa93c6e-ef3c-443d-934a-98a0d582bf0e:0
[   20704ms] [ERROR] Failed to load resource: net::ERR_NAME_NOT_RESOLVED @ https://cs.lkqd.net/cs?partnerId=109&partnerUserId=efcb87a525&gdpr=0&gdpr_consent=:0
[   21858ms] [ERROR] Failed to load resource: the server responded with a status of 503 () @ https://sync.inmobi.com/setuid?bidderID=877&dspUserId=0a51a7d5-2f57-451b-9ec1-715ef87f6072:0
[   21981ms] [ERROR] Failed to load resource: the server responded with a status of 404 () @ https://cs.krushmedia.com/4831fbf13dd518a56346a6e0ec8ba9d5.gif?puid=ID5-1-2fa93c6e-ef3c-443d-934a-98a0d582bf0e&redir=https%3A%2F%2Fsync.inmobi.com%2Fsetuid%3FbidderID%3D1315%26dspUserId%3D%5BUID%5D&gdpr=0&gdpr_consent=:0
[   21993ms] [ERROR] Failed to load resource: the server responded with a status of 503 () @ https://sync.inmobi.com/setuid?bidderID=12&dspUserId=AAOSyE7TWEQAAACbVrT6_Q:0
[   22015ms] [ERROR] Failed to load resource: the server responded with a status of 400 (Bad Request) @ https://measureadv.com/user?gdpr=0&gdpr_consent=&usp_consent=&p=4:0
[   22046ms] [ERROR] Failed to load resource: the server responded with a status of 404 () @ https://cs.krushmedia.com/4831fbf13dd518a56346a6e0ec8ba9d5.gif?puid=ID5-1-2fa93c6e-ef3c-443d-934a-98a0d582bf0e&redir=https%3A%2F%2Fsync.inmobi.com%2Fsetuid%3FbidderID%3D1315%26dspUserId%3D%5BUID%5D&gdpr=0&gdpr_consent=:0
[   22626ms] [ERROR] Failed to load resource: net::ERR_CONNECTION_CLOSED @ https://csync.loopme.me/?pubid=9724&gdpr=0&gdpr_consent=&redirect=https%3A%2F%2Fsync.inmobi.com%2Fsetuid%3FbidderID%3D109%26dspUserId%3D%7Bviewer_token%7D:0
[   25243ms] [ERROR] Failed to load resource: the server responded with a status of 503 () @ https://sync.inmobi.com/setuid?bidderID=1083&dspUserId=c864a7a5-5dd3-5d7e-8bb3-3082b1eeb544:0
[   27137ms] [ERROR] Failed to load resource: net::ERR_TOO_MANY_REDIRECTS @ https://measureadv.com/userBack?uid=C-eAEVyEEOgCAMBMC_9OwmrEBL_Q0KTTwbT8a_G-c4j_gqm9zXOQi6h80gkjaiNHa0GYFQWq4WcViWRWhVNqm6jj_Qc1GUOiZ2ZYJ5DLeW2HeT9wOnYxh0&gdpr={GDPR}&gdpr_consent={GDPR_CONSENT}&p=1:0
[   30619ms] [ERROR] Failed to load resource: net::ERR_HTTP2_SERVER_REFUSED_STREAM @ https://cs.admanmedia.com/73c1e1bfc3bde354d60b80e601ae3914.gif?puid=[UID]&redir=https%3A%2F%2Fonetag-sys.com%2Fmatch%2F%3Fint_id%3D164%26gdpr%3D0%26gdpr_consent%3D%26uid%3D%5BUID%5D&gdpr=0&gdpr_consent=&ccpa=&coppa=:0
[   34486ms] [ERROR] Failed to load resource: net::ERR_HTTP2_SERVER_REFUSED_STREAM @ https://cs.admanmedia.com/f6840be316cff8120b331878d1e34728.gif?puid=[UID]&redir=https%3A%2F%2Fce.lijit.com%2Fmerge%3Fpid%3D122%263pid%3D%5BUID%5D&gdpr=&gdpr_consent=:0
[   34487ms] [ERROR] Failed to load resource: net::ERR_HTTP2_SERVER_REFUSED_STREAM @ https://cs.admanmedia.com/e03deca3316b700a1ce99c41e324fd03.gif?puid=ID5-1-2fa93c6e-ef3c-443d-934a-98a0d582bf0e&redir=https%3A%2F%2Fsync.inmobi.com%2Fsetuid%3FbidderID%3D149%26dspUserId%3D%5BUID%5D&gdpr=0&gdpr_consent=:0
[   34486ms] [ERROR] Failed to load resource: net::ERR_HTTP2_SERVER_REFUSED_STREAM @ https://cs.admanmedia.com/2e2cd80ed2c36fa49cf9580703081ade.gif?puid=5dd4cfd7-6cac-4266-aa94-e0a6cbf9a792&redir=https%3A%2F%2Fms-cookie-sync.presage.io%2Fuser-sync%3Fillumin_id%3D%5BUID%5D%26gdpr%3D0%26gdpr_consent%3D&gdpr=0&gdpr_consent=:0
[   34495ms] [ERROR] Failed to load resource: net::ERR_HTTP2_SERVER_REFUSED_STREAM @ https://cs.admanmedia.com/73c1e1bfc3bde354d60b80e601ae3914.gif?puid=[UID]&redir=https%3A%2F%2Fonetag-sys.com%2Fmatch%2F%3Fint_id%3D164%26gdpr%3D1%26gdpr_consent%3D%26uid%3D%5BUID%5D&gdpr=1&gdpr_consent=&ccpa=&coppa=:0
[   40050ms] [ERROR] Failed to load resource: net::ERR_CONNECTION_TIMED_OUT @ https://sync.iqzonertb.live/psync?t=s&e=494&cb=https%3a%2f%2fssp-sync.criteo.com%2fuser-sync%2fmatch%3fp%3dRsBhdV82MzJXZjdBckVzSnRWVSUyQktvZGVRcXhJQlVQMUxyd2kxd1RKdWNTQmJRVzglM0Q%26u%3d%24%7bUSER_ID%7d:0
[   40285ms] [ERROR] Failed to load resource: net::ERR_CONNECTION_TIMED_OUT @ https://sync.iqzonertb.live/psync?t=s&e=494&cb=https%3a%2f%2fssp-sync.criteo.com%2fuser-sync%2fmatch%3fp%3dRsBhdV82MzJXZjdBckVzSnRWVSUyQktvZGVRcXhJQlVQMUxyd2kxd1RKdWNTQmJRVzglM0Q%26u%3d%24%7bUSER_ID%7d:0
[   40348ms] [ERROR] Failed to load resource: net::ERR_CONNECTION_TIMED_OUT @ https://sync.iqzonertb.live/psync?t=s&e=494&cb=https%3a%2f%2fssp-sync.criteo.com%2fuser-sync%2fmatch%3fp%3daW8xAV9udGJoMlVldnRuME5kVTE4JTJCdUFJRmdjNGZZa3ZBV0tOWHpTU25sZ0hOWWslM0Q%26u%3d%24%7bUSER_ID%7d:0
[   42608ms] [ERROR] Failed to load resource: net::ERR_HTTP2_SERVER_REFUSED_STREAM @ https://cs.admanmedia.com/73c1e1bfc3bde354d60b80e601ae3914.gif?puid=[UID]&redir=https%3A%2F%2Fonetag-sys.com%2Fmatch%2F%3Fint_id%3D164%26gdpr%3D0%26gdpr_consent%3D%26uid%3D%5BUID%5D&gdpr=0&gdpr_consent=&ccpa=&coppa=:0
[   46408ms] [ERROR] Failed to load resource: net::ERR_HTTP2_SERVER_REFUSED_STREAM @ https://cs.admanmedia.com/2e2cd80ed2c36fa49cf9580703081ade.gif?puid=5dd4cfd7-6cac-4266-aa94-e0a6cbf9a792&redir=https%3A%2F%2Fms-cookie-sync.presage.io%2Fuser-sync%3Fillumin_id%3D%5BUID%5D%26gdpr%3D0%26gdpr_consent%3D&gdpr=0&gdpr_consent=:0
[   46412ms] [ERROR] Failed to load resource: net::ERR_HTTP2_SERVER_REFUSED_STREAM @ https://cs.admanmedia.com/f6840be316cff8120b331878d1e34728.gif?puid=[UID]&redir=https%3A%2F%2Fce.lijit.com%2Fmerge%3Fpid%3D122%263pid%3D%5BUID%5D&gdpr=&gdpr_consent=:0
[   20259ms] [ERROR] Failed to load resource: the server responded with a status of 424 (Failed Dependency) @ https://t.adx.opera.com/pub/sync?pubid=pub10101531197440&gdpr=1&gdpr_consent=:0
[   30619ms] [ERROR] Failed to load resource: net::ERR_HTTP2_SERVER_REFUSED_STREAM @ https://cs.admanmedia.com/73c1e1bfc3bde354d60b80e601ae3914.gif?puid=[UID]&redir=https%3A%2F%2Fonetag-sys.com%2Fmatch%2F%3Fint_id%3D164%26gdpr%3D0%26gdpr_consent%3D%26uid%3D%5BUID%5D&gdpr=0&gdpr_consent=&ccpa=&coppa=:0
[   34495ms] [ERROR] Failed to load resource: net::ERR_HTTP2_SERVER_REFUSED_STREAM @ https://cs.admanmedia.com/73c1e1bfc3bde354d60b80e601ae3914.gif?puid=[UID]&redir=https%3A%2F%2Fonetag-sys.com%2Fmatch%2F%3Fint_id%3D164%26gdpr%3D1%26gdpr_consent%3D%26uid%3D%5BUID%5D&gdpr=1&gdpr_consent=&ccpa=&coppa=:0
[   42608ms] [ERROR] Failed to load resource: net::ERR_HTTP2_SERVER_REFUSED_STREAM @ https://cs.admanmedia.com/73c1e1bfc3bde354d60b80e601ae3914.gif?puid=[UID]&redir=https%3A%2F%2Fonetag-sys.com%2Fmatch%2F%3Fint_id%3D164%26gdpr%3D0%26gdpr_consent%3D%26uid%3D%5BUID%5D&gdpr=0&gdpr_consent=&ccpa=&coppa=:0
[   20259ms] [ERROR] Failed to load resource: the server responded with a status of 424 (Failed Dependency) @ https://t.adx.opera.com/pub/sync?pubid=pub10101531197440&gdpr=1&gdpr_consent=:0
[   30619ms] [ERROR] Failed to load resource: net::ERR_HTTP2_SERVER_REFUSED_STREAM @ https://cs.admanmedia.com/73c1e1bfc3bde354d60b80e601ae3914.gif?puid=[UID]&redir=https%3A%2F%2Fonetag-sys.com%2Fmatch%2F%3Fint_id%3D164%26gdpr%3D0%26gdpr_consent%3D%26uid%3D%5BUID%5D&gdpr=0&gdpr_consent=&ccpa=&coppa=:0
[   34495ms] [ERROR] Failed to load resource: net::ERR_HTTP2_SERVER_REFUSED_STREAM @ https://cs.admanmedia.com/73c1e1bfc3bde354d60b80e601ae3914.gif?puid=[UID]&redir=https%3A%2F%2Fonetag-sys.com%2Fmatch%2F%3Fint_id%3D164%26gdpr%3D1%26gdpr_consent%3D%26uid%3D%5BUID%5D&gdpr=1&gdpr_consent=&ccpa=&coppa=:0
[   42608ms] [ERROR] Failed to load resource: net::ERR_HTTP2_SERVER_REFUSED_STREAM @ https://cs.admanmedia.com/73c1e1bfc3bde354d60b80e601ae3914.gif?puid=[UID]&redir=https%3A%2F%2Fonetag-sys.com%2Fmatch%2F%3Fint_id%3D164%26gdpr%3D0%26gdpr_consent%3D%26uid%3D%5BUID%5D&gdpr=0&gdpr_consent=&ccpa=&coppa=:0
[   47734ms] [ERROR] Failed to load resource: net::ERR_CERT_COMMON_NAME_INVALID @ https://bx01.optimix.cn/cms.gif?a=medianet&c=4158901605275392000V10:0
[   34486ms] [ERROR] Failed to load resource: net::ERR_HTTP2_SERVER_REFUSED_STREAM @ https://cs.admanmedia.com/2e2cd80ed2c36fa49cf9580703081ade.gif?puid=5dd4cfd7-6cac-4266-aa94-e0a6cbf9a792&redir=https%3A%2F%2Fms-cookie-sync.presage.io%2Fuser-sync%3Fillumin_id%3D%5BUID%5D%26gdpr%3D0%26gdpr_consent%3D&gdpr=0&gdpr_consent=:0
[   46408ms] [ERROR] Failed to load resource: net::ERR_HTTP2_SERVER_REFUSED_STREAM @ https://cs.admanmedia.com/2e2cd80ed2c36fa49cf9580703081ade.gif?puid=5dd4cfd7-6cac-4266-aa94-e0a6cbf9a792&redir=https%3A%2F%2Fms-cookie-sync.presage.io%2Fuser-sync%3Fillumin_id%3D%5BUID%5D%26gdpr%3D0%26gdpr_consent%3D&gdpr=0&gdpr_consent=:0
[   50825ms] [ERROR] Failed to load resource: the server responded with a status of 504 () @ https://sync.inmobi.com/setuid?bidderID=238&dspUserId=P01x0VvcVk1kZK_wne5jCdN1h1k:0
[   34486ms] [ERROR] Failed to load resource: net::ERR_HTTP2_SERVER_REFUSED_STREAM @ https://cs.admanmedia.com/2e2cd80ed2c36fa49cf9580703081ade.gif?puid=5dd4cfd7-6cac-4266-aa94-e0a6cbf9a792&redir=https%3A%2F%2Fms-cookie-sync.presage.io%2Fuser-sync%3Fillumin_id%3D%5BUID%5D%26gdpr%3D0%26gdpr_consent%3D&gdpr=0&gdpr_consent=:0
[   46408ms] [ERROR] Failed to load resource: net::ERR_HTTP2_SERVER_REFUSED_STREAM @ https://cs.admanmedia.com/2e2cd80ed2c36fa49cf9580703081ade.gif?puid=5dd4cfd7-6cac-4266-aa94-e0a6cbf9a792&redir=https%3A%2F%2Fms-cookie-sync.presage.io%2Fuser-sync%3Fillumin_id%3D%5BUID%5D%26gdpr%3D0%26gdpr_consent%3D&gdpr=0&gdpr_consent=:0
[   34486ms] [ERROR] Failed to load resource: net::ERR_HTTP2_SERVER_REFUSED_STREAM @ https://cs.admanmedia.com/f6840be316cff8120b331878d1e34728.gif?puid=[UID]&redir=https%3A%2F%2Fce.lijit.com%2Fmerge%3Fpid%3D122%263pid%3D%5BUID%5D&gdpr=&gdpr_consent=:0
[   46412ms] [ERROR] Failed to load resource: net::ERR_HTTP2_SERVER_REFUSED_STREAM @ https://cs.admanmedia.com/f6840be316cff8120b331878d1e34728.gif?puid=[UID]&redir=https%3A%2F%2Fce.lijit.com%2Fmerge%3Fpid%3D122%263pid%3D%5BUID%5D&gdpr=&gdpr_consent=:0
[   34486ms] [ERROR] Failed to load resource: net::ERR_HTTP2_SERVER_REFUSED_STREAM @ https://cs.admanmedia.com/2e2cd80ed2c36fa49cf9580703081ade.gif?puid=5dd4cfd7-6cac-4266-aa94-e0a6cbf9a792&redir=https%3A%2F%2Fms-cookie-sync.presage.io%2Fuser-sync%3Fillumin_id%3D%5BUID%5D%26gdpr%3D0%26gdpr_consent%3D&gdpr=0&gdpr_consent=:0
[   46408ms] [ERROR] Failed to load resource: net::ERR_HTTP2_SERVER_REFUSED_STREAM @ https://cs.admanmedia.com/2e2cd80ed2c36fa49cf9580703081ade.gif?puid=5dd4cfd7-6cac-4266-aa94-e0a6cbf9a792&redir=https%3A%2F%2Fms-cookie-sync.presage.io%2Fuser-sync%3Fillumin_id%3D%5BUID%5D%26gdpr%3D0%26gdpr_consent%3D&gdpr=0&gdpr_consent=:0
[   34486ms] [ERROR] Failed to load resource: net::ERR_HTTP2_SERVER_REFUSED_STREAM @ https://cs.admanmedia.com/f6840be316cff8120b331878d1e34728.gif?puid=[UID]&redir=https%3A%2F%2Fce.lijit.com%2Fmerge%3Fpid%3D122%263pid%3D%5BUID%5D&gdpr=&gdpr_consent=:0
[   46412ms] [ERROR] Failed to load resource: net::ERR_HTTP2_SERVER_REFUSED_STREAM @ https://cs.admanmedia.com/f6840be316cff8120b331878d1e34728.gif?puid=[UID]&redir=https%3A%2F%2Fce.lijit.com%2Fmerge%3Fpid%3D122%263pid%3D%5BUID%5D&gdpr=&gdpr_consent=:0
[   57002ms] [ERROR] Failed to load resource: net::ERR_CONNECTION_TIMED_OUT @ https://sync.iqzonertb.live/psync?t=s&e=494&cb=https%3a%2f%2fssp-sync.criteo.com%2fuser-sync%2fmatch%3fp%3dRsBhdV82MzJXZjdBckVzSnRWVSUyQktvZGVRcXhJQlVQMUxyd2kxd1RKdWNTQmJRVzglM0Q%26u%3d%24%7bUSER_ID%7d:0
[   57054ms] [WARNING] <meta name="apple-mobile-web-app-capable" content="yes"> is deprecated. Please include <meta name="mobile-web-app-capable" content="yes"> @ https://kr.investing.com/commodities/crude-oil:0
[   67928ms] [ERROR] Attestation check for Shared Storage on https://securepubads.g.doubleclick.net failed. @ https://imasdk.googleapis.com/js/core/bridge3.746.1_en.html#deid=%22%22&eventfe_experiment_ids=%5B%5D&fid=%22goog_1590367495%22&genotype_experiment_data=%7B%22experimentStateProto%22%3A%22%5B%5B%5B45713128%2Cnull%2Cnull%2C%5B%5D%5D%2C%5Bnull%2C745150931%2Cnull%2C%5Bnull%2C1%5D%5D%2C%5Bnull%2C749060184%2Cnull%2C%5Bnull%2C128%5D%5D%2C%5B841585769%2Cnull%2Cnull%2C%5B1%5D%5D%2C%5B45761044%2Cnull%2Cnull%2C%5B%5D%5D%2C%5B45722344%2Cnull%2Cnull%2C%5B%5D%5D%2C%5B45706017%2Cnull%2Cnull%2C%5B1%5D%5D%2C%5B45740207%2Cnull%2Cnull%2C%5B%5D%5D%2C%5B45668885%2Cnull%2Cnull%2C%5B%5D%5D%2C%5B45685340%2Cnull%2Cnull%2C%5B%5D%5D%2C%5B45734716%2Cnull%2Cnull%2C%5B%5D%5D%2C%5B45735891%2Cnull%2Cnull%2C%5B%5D%5D%2C%5B45663239%2Cnull%2Cnull%2C%5B%5D%5D%2C%5B45715032%2Cnull%2Cnull%2C%5B1%5D%5D%2C%5B45661356%2Cnull%2Cnull%2C%5B%5D%5D%2C%5B839547366%2Cnull%2Cnull%2C%5B1%5D%5D%2C%5B45676441%2Cnull%2Cnull%2C%5B%5D%5D%2C%5B45675307%2Cnull%2Cnull%2C%5B1%5D%5D%2C%5B45675308%2Cnull%2Cnull%2C%5B1%5D%5D%2C%5Bnull%2C45645574%2Cnull%2C%5B%5D%5D%2C%5B45688859%2Cnull%2Cnull%2C%5B%5D%5D%2C%5B45656766%2Cnull%2Cnull%2C%5B%5D%5D%2C%5B45710689%2Cnull%2Cnull%2C%5B%5D%5D%2C%5B45710688%2Cnull%2Cnull%2C%5B1%5D%5D%2C%5B45685601%2Cnull%2Cnull%2C%5B%5D%5D%2C%5Bnull%2C45685602%2Cnull%2C%5Bnull%2C500%5D%5D%2C%5B45756824%2Cnull%2Cnull%2C%5B%5D%5D%2C%5B45747172%2Cnull%2Cnull%2C%5B%5D%5D%2C%5B775241416%2Cnull%2Cnull%2C%5B%5D%5D%2C%5B781107959%2Cnull%2Cnull%2C%5B%5D%5D%2C%5B781107958%2Cnull%2Cnull%2C%5B%5D%5D%2C%5B792614055%2Cnull%2Cnull%2C%5B%5D%5D%2C%5B781107957%2Cnull%2Cnull%2C%5B%5D%5D%2C%5B45729602%2Cnull%2Cnull%2C%5B%5D%5D%2C%5B45753603%2Cnull%2Cnull%2C%5B%5D%5D%2C%5B45753604%2Cnull%2Cnull%2C%5B%5D%5D%2C%5B45658982%2Cnull%2Cnull%2C%5B%5D%5D%2C%5B45725657%2Cnull%2Cnull%2C%5B%5D%5D%5D%2C%5B%5B16%2C%5B%5B1%2C%5B%5B31089630%5D%2C%5B31089631%2C%5B%5B45668885%2Cnull%2Cnull%2C%5B1%5D%5D%5D%5D%5D%5D%2C%5B1000%2C%5B%5B95332046%5D%5D%5D%2C%5Bnull%2C%5B%5B95332047%5D%5D%5D%2C%5B10%2C%5B%5B95338769%2C%5B%5Bnull%2C45645574%2Cnull%2C%5Bnull%2C1%5D%5D%5D%5D%2C%5B95338770%2C%5B%5Bnull%2C45645574%2Cnull%2C%5Bnull%2C2%5D%5D%5D%5D%5D%5D%2C%5B50%2C%5B%5B95345206%5D%2C%5B95345207%2C%5B%5B45661356%2Cnull%2Cnull%2C%5B1%5D%5D%5D%5D%5D%5D%2C%5B1%2C%5B%5B95351425%5D%2C%5B95351426%2C%5B%5B45676441%2Cnull%2Cnull%2C%5B1%5D%5D%5D%5D%5D%5D%2C%5B20%2C%5B%5B95356068%5D%2C%5B95356069%2C%5B%5B45685601%2Cnull%2Cnull%2C%5B%5D%5D%2C%5Bnull%2C45685602%2Cnull%2C%5B%5D%5D%5D%5D%2C%5B95356070%2C%5B%5B45685601%2Cnull%2Cnull%2C%5B1%5D%5D%2C%5Bnull%2C45685602%2Cnull%2C%5B%5D%5D%5D%5D%2C%5B95356071%2C%5B%5B45685601%2Cnull%2Cnull%2C%5B1%5D%5D%2C%5Bnull%2C45685602%2Cnull%2C%5Bnull%2C100%5D%5D%5D%5D%5D%5D%2C%5B1%2C%5B%5B95373378%2C%5B%5B792614055%2Cnull%2Cnull%2C%5B1%5D%5D%5D%5D%2C%5B95373379%2C%5B%5B45747172%2Cnull%2Cnull%2C%5B1%5D%5D%2C%5B781107959%2Cnull%2Cnull%2C%5B1%5D%5D%2C%5B792614055%2Cnull%2Cnull%2C%5B1%5D%5D%2C%5B781107957%2Cnull%2Cnull%2C%5B1%5D%5D%5D%5D%5D%5D%2C%5Bnull%2C%5B%5B95375930%5D%2C%5B95375931%2C%5B%5B45734716%2Cnull%2Cnull%2C%5B1%5D%5D%5D%5D%2C%5B95376520%2C%5B%5B45734716%2Cnull%2Cnull%2C%5B1%5D%5D%2C%5B45735891%2Cnull%2Cnull%2C%5B1%5D%5D%5D%5D%5D%5D%2C%5Bnull%2C%5B%5B95378095%5D%2C%5B95378096%2C%5B%5B45740207%2Cnull%2Cnull%2C%5B1%5D%5D%5D%5D%5D%5D%2C%5B10%2C%5B%5B95378629%5D%2C%5B95378630%2C%5B%5B45729602%2Cnull%2Cnull%2C%5B1%5D%5D%5D%5D%2C%5B95381582%2C%5B%5B45729602%2Cnull%2Cnull%2C%5B1%5D%5D%2C%5B45753603%2Cnull%2Cnull%2C%5B1%5D%5D%5D%5D%2C%5B95381583%2C%5B%5B45729602%2Cnull%2Cnull%2C%5B1%5D%5D%2C%5B45753604%2Cnull%2Cnull%2C%5B1%5D%5D%5D%5D%5D%5D%2C%5B10%2C%5B%5B95382403%5D%2C%5B95382404%2C%5B%5B45756824%2Cnull%2Cnull%2C%5B1%5D%5D%5D%5D%5D%5D%2C%5B10%2C%5B%5B95385117%5D%2C%5B95385118%2C%5B%5B45761044%2Cnull%2Cnull%2C%5B1%5D%5D%5D%5D%5D%5D%5D%5D%5D%2Cnull%2Cnull%2C%5Bnull%2C1000%2C1%2C1000%5D%5D%22%7D&imalib_experiments=%5B95322027%2C95331589%2C95332046%2C95379823%5D&is_eap_loader=false&managed_js_experiment_id=0&page_correlator=236574667388294&pvsid=6391130974142329&top_accessible_page_url=%22https%3A%2F%2Fkr.investing.com%2Fcommodities%2Fcrude-oil%22:0
[  240973ms] [ERROR] Failed to load resource: net::ERR_CONNECTION_TIMED_OUT @ https://s.ads.smartadserver.com/2/884833/analytics.gif?dt=8848331610101564891000&di=kr.investing.com&ui=[uid]&md=2&ap=&sr=smartadserver.com&pp=4106&ti=03ecf19cdb7f47a5a88a3afff15abbea&de=2&to=3&pv=84ce4b9c-fbbe-4612-ad2c-5e41ff5fb5e6&si=-1&c1=&c2=abfd947b-8322-4cf2-92f5-d7614e863491&c3=0&c4=-1&c5=-1&c6=true:0
[  517070ms] [ERROR] Failed to load resource: net::ERR_CONNECTION_TIMED_OUT @ https://s.ads.smartadserver.com/2/884833/analytics.gif?dt=8848331610101564891000&di=kr.investing.com&ui=[uid]&md=2&ap=&sr=smartadserver.com&pp=4949&ti=11fc4850dc5b4faca05bb921bf5a094e&de=2&to=3&pv=6b60ef38-c70c-447b-81bd-3bd1bd9f62e1&si=672755&c1=99686&c2=&c3=12343101&c4=2008937&c5=131181&c6=false:0
