[     594ms] [ERROR] Failed to load resource: the server responded with a status of 404 (Not Found) @ http://localhost:8766/api/indicators:0
[     595ms] [ERROR] Failed to load resource: the server responded with a status of 404 (Not Found) @ http://localhost:8766/api/news:0
[     595ms] [ERROR] Failed to load resource: the server responded with a status of 404 (Not Found) @ http://localhost:8766/api/military:0
[     596ms] [ERROR] Failed to load resource: the server responded with a status of 404 (Not Found) @ http://localhost:8766/api/correlation:0
[   30531ms] [ERROR] Failed to load resource: the server responded with a status of 404 (Not Found) @ http://localhost:8766/api/military:0
[   30600ms] [ERROR] Failed to load resource: the server responded with a status of 404 (Not Found) @ http://localhost:8766/api/news:0
[   60848ms] [ERROR] Failed to load resource: the server responded with a status of 404 (Not Found) @ http://localhost:8766/api/indicators:0
[   60849ms] [ERROR] Failed to load resource: the server responded with a status of 404 (Not Found) @ http://localhost:8766/api/military:0
[   60853ms] [ERROR] Failed to load resource: the server responded with a status of 404 (Not Found) @ http://localhost:8766/api/news:0
[   90528ms] [ERROR] Failed to load resource: the server responded with a status of 404 (Not Found) @ http://localhost:8766/api/military:0
[   90606ms] [ERROR] Failed to load resource: the server responded with a status of 404 (Not Found) @ http://localhost:8766/api/news:0
[  120525ms] [ERROR] Failed to load resource: the server responded with a status of 404 (Not Found) @ http://localhost:8766/api/indicators:0
[  120531ms] [ERROR] Failed to load resource: the server responded with a status of 404 (Not Found) @ http://localhost:8766/api/military:0
[  120628ms] [ERROR] Failed to load resource: the server responded with a status of 404 (Not Found) @ http://localhost:8766/api/news:0
[  150854ms] [ERROR] Failed to load resource: the server responded with a status of 404 (Not Found) @ http://localhost:8766/api/military:0
[  150857ms] [ERROR] Failed to load resource: the server responded with a status of 404 (Not Found) @ http://localhost:8766/api/news:0
[  180529ms] [ERROR] Failed to load resource: the server responded with a status of 404 (Not Found) @ http://localhost:8766/api/indicators:0
[  180530ms] [ERROR] Failed to load resource: the server responded with a status of 404 (Not Found) @ http://localhost:8766/api/news:0
[  180540ms] [ERROR] Failed to load resource: the server responded with a status of 404 (Not Found) @ http://localhost:8766/api/military:0
[  180605ms] [ERROR] Failed to load resource: the server responded with a status of 404 (Not Found) @ http://localhost:8766/api/news:0
[  209607ms] [ERROR] Failed to load resource: the server responded with a status of 404 (Not Found) @ http://localhost:8766/api/report:0
[  210530ms] [ERROR] Failed to load resource: the server responded with a status of 404 (Not Found) @ http://localhost:8766/api/military:0
[  210604ms] [ERROR] Failed to load resource: the server responded with a status of 404 (Not Found) @ http://localhost:8766/api/news:0
[  240841ms] [ERROR] Failed to load resource: the server responded with a status of 404 (Not Found) @ http://localhost:8766/api/indicators:0
[  240842ms] [ERROR] Failed to load resource: the server responded with a status of 404 (Not Found) @ http://localhost:8766/api/military:0
[  240844ms] [ERROR] Failed to load resource: the server responded with a status of 404 (Not Found) @ http://localhost:8766/api/news:0
[  270532ms] [ERROR] Failed to load resource: the server responded with a status of 404 (Not Found) @ http://localhost:8766/api/military:0
[  270606ms] [ERROR] Failed to load resource: the server responded with a status of 404 (Not Found) @ http://localhost:8766/api/news:0
[  300528ms] [ERROR] Failed to load resource: the server responded with a status of 404 (Not Found) @ http://localhost:8766/api/indicators:0
[  300531ms] [ERROR] Failed to load resource: the server responded with a status of 404 (Not Found) @ http://localhost:8766/api/military:0
[  300604ms] [ERROR] Failed to load resource: the server responded with a status of 404 (Not Found) @ http://localhost:8766/api/news:0
[  330536ms] [ERROR] Failed to load resource: the server responded with a status of 404 (Not Found) @ http://localhost:8766/api/military:0
[  330606ms] [ERROR] Failed to load resource: the server responded with a status of 404 (Not Found) @ http://localhost:8766/api/news:0
