[     616ms] [ERROR] Failed to load resource: the server responded with a status of 404 (Not Found) @ http://localhost:8766/api/indicators:0
[     617ms] [ERROR] Failed to load resource: the server responded with a status of 404 (Not Found) @ http://localhost:8766/api/news:0
[     618ms] [ERROR] Failed to load resource: the server responded with a status of 404 (Not Found) @ http://localhost:8766/api/military:0
[     618ms] [ERROR] Failed to load resource: the server responded with a status of 404 (Not Found) @ http://localhost:8766/api/correlation:0
[     666ms] [ERROR] Failed to load resource: the server responded with a status of 404 (Not Found) @ http://localhost:8766/favicon.ico:0
[   30552ms] [ERROR] Failed to load resource: the server responded with a status of 404 (Not Found) @ http://localhost:8766/api/military:0
[   30634ms] [ERROR] Failed to load resource: the server responded with a status of 404 (Not Found) @ http://localhost:8766/api/news:0
[   60865ms] [ERROR] Failed to load resource: the server responded with a status of 404 (Not Found) @ http://localhost:8766/api/indicators:0
[   60866ms] [ERROR] Failed to load resource: the server responded with a status of 404 (Not Found) @ http://localhost:8766/api/military:0
[   60867ms] [ERROR] Failed to load resource: the server responded with a status of 404 (Not Found) @ http://localhost:8766/api/news:0
[   90554ms] [ERROR] Failed to load resource: the server responded with a status of 404 (Not Found) @ http://localhost:8766/api/military:0
[   90632ms] [ERROR] Failed to load resource: the server responded with a status of 404 (Not Found) @ http://localhost:8766/api/news:0
[  120556ms] [ERROR] Failed to load resource: the server responded with a status of 404 (Not Found) @ http://localhost:8766/api/indicators:0
[  120557ms] [ERROR] Failed to load resource: the server responded with a status of 404 (Not Found) @ http://localhost:8766/api/military:0
[  120627ms] [ERROR] Failed to load resource: the server responded with a status of 404 (Not Found) @ http://localhost:8766/api/news:0
[  150555ms] [ERROR] Failed to load resource: the server responded with a status of 404 (Not Found) @ http://localhost:8766/api/military:0
[  150624ms] [ERROR] Failed to load resource: the server responded with a status of 404 (Not Found) @ http://localhost:8766/api/news:0
[  180870ms] [ERROR] Failed to load resource: the server responded with a status of 404 (Not Found) @ http://localhost:8766/api/indicators:0
[  180871ms] [ERROR] Failed to load resource: the server responded with a status of 404 (Not Found) @ http://localhost:8766/api/news:0
[  180872ms] [ERROR] Failed to load resource: the server responded with a status of 404 (Not Found) @ http://localhost:8766/api/military:0
[  180872ms] [ERROR] Failed to load resource: the server responded with a status of 404 (Not Found) @ http://localhost:8766/api/news:0
[  210555ms] [ERROR] Failed to load resource: the server responded with a status of 404 (Not Found) @ http://localhost:8766/api/military:0
[  210632ms] [ERROR] Failed to load resource: the server responded with a status of 404 (Not Found) @ http://localhost:8766/api/news:0
[  240558ms] [ERROR] Failed to load resource: the server responded with a status of 404 (Not Found) @ http://localhost:8766/api/indicators:0
[  240562ms] [ERROR] Failed to load resource: the server responded with a status of 404 (Not Found) @ http://localhost:8766/api/military:0
[  240624ms] [ERROR] Failed to load resource: the server responded with a status of 404 (Not Found) @ http://localhost:8766/api/news:0
[  270556ms] [ERROR] Failed to load resource: the server responded with a status of 404 (Not Found) @ http://localhost:8766/api/military:0
[  270627ms] [ERROR] Failed to load resource: the server responded with a status of 404 (Not Found) @ http://localhost:8766/api/news:0
