[     525ms] [ERROR] Failed to load resource: the server responded with a status of 404 (Not Found) @ http://localhost:8765/api/indicators:0
[     526ms] [ERROR] Failed to load resource: the server responded with a status of 404 (Not Found) @ http://localhost:8765/api/news:0
[     526ms] [ERROR] Failed to load resource: the server responded with a status of 404 (Not Found) @ http://localhost:8765/api/military:0
[     527ms] [ERROR] Failed to load resource: the server responded with a status of 404 (Not Found) @ http://localhost:8765/api/correlation:0
[   30470ms] [ERROR] Failed to load resource: the server responded with a status of 404 (Not Found) @ http://localhost:8765/api/military:0
[   30540ms] [ERROR] Failed to load resource: the server responded with a status of 404 (Not Found) @ http://localhost:8765/api/news:0
[   60782ms] [ERROR] Failed to load resource: the server responded with a status of 404 (Not Found) @ http://localhost:8765/api/indicators:0
[   60783ms] [ERROR] Failed to load resource: the server responded with a status of 404 (Not Found) @ http://localhost:8765/api/military:0
[   60791ms] [ERROR] Failed to load resource: the server responded with a status of 404 (Not Found) @ http://localhost:8765/api/news:0
[   90470ms] [ERROR] Failed to load resource: the server responded with a status of 404 (Not Found) @ http://localhost:8765/api/military:0
[   90535ms] [ERROR] Failed to load resource: the server responded with a status of 404 (Not Found) @ http://localhost:8765/api/news:0
[  120465ms] [ERROR] Failed to load resource: the server responded with a status of 404 (Not Found) @ http://localhost:8765/api/indicators:0
[  120466ms] [ERROR] Failed to load resource: the server responded with a status of 404 (Not Found) @ http://localhost:8765/api/military:0
[  120531ms] [ERROR] Failed to load resource: the server responded with a status of 404 (Not Found) @ http://localhost:8765/api/news:0
[  150465ms] [ERROR] Failed to load resource: the server responded with a status of 404 (Not Found) @ http://localhost:8765/api/military:0
[  150533ms] [ERROR] Failed to load resource: the server responded with a status of 404 (Not Found) @ http://localhost:8765/api/news:0
[  180778ms] [ERROR] Failed to load resource: the server responded with a status of 404 (Not Found) @ http://localhost:8765/api/indicators:0
[  180779ms] [ERROR] Failed to load resource: the server responded with a status of 404 (Not Found) @ http://localhost:8765/api/news:0
[  180782ms] [ERROR] Failed to load resource: the server responded with a status of 404 (Not Found) @ http://localhost:8765/api/military:0
[  180783ms] [ERROR] Failed to load resource: the server responded with a status of 404 (Not Found) @ http://localhost:8765/api/news:0
[  210466ms] [ERROR] Failed to load resource: the server responded with a status of 404 (Not Found) @ http://localhost:8765/api/military:0
[  210542ms] [ERROR] Failed to load resource: the server responded with a status of 404 (Not Found) @ http://localhost:8765/api/news:0
[  240473ms] [ERROR] Failed to load resource: the server responded with a status of 404 (Not Found) @ http://localhost:8765/api/indicators:0
[  240474ms] [ERROR] Failed to load resource: the server responded with a status of 404 (Not Found) @ http://localhost:8765/api/military:0
[  240537ms] [ERROR] Failed to load resource: the server responded with a status of 404 (Not Found) @ http://localhost:8765/api/news:0
[  270779ms] [ERROR] Failed to load resource: the server responded with a status of 404 (Not Found) @ http://localhost:8765/api/military:0
[  270785ms] [ERROR] Failed to load resource: the server responded with a status of 404 (Not Found) @ http://localhost:8765/api/news:0
